0 info it worked if it ends with ok
1 verbose cli [ 'F:\\service\\node\\node.exe',
1 verbose cli   'F:\\service\\node\\node_modules\\npm\\bin\\npm-cli.js',
1 verbose cli   'pack',
1 verbose cli   'big-fly' ]
2 info using npm@2.14.4
3 info using node@v4.1.1
4 silly cache add args [ 'big-fly', null ]
5 verbose cache add spec big-fly
6 silly cache add parsed spec Result {
6 silly cache add   raw: 'big-fly',
6 silly cache add   scope: null,
6 silly cache add   name: 'big-fly',
6 silly cache add   rawSpec: '',
6 silly cache add   spec: '*',
6 silly cache add   type: 'range' }
7 silly addNamed big-fly@*
8 verbose addNamed "*" is a valid semver range for big-fly
9 silly addNameRange { name: 'big-fly', range: '*', hasData: false }
10 silly mapToRegistry name big-fly
11 silly mapToRegistry using default registry
12 silly mapToRegistry registry https://registry.npmjs.org/
13 silly mapToRegistry uri https://registry.npmjs.org/big-fly
14 verbose addNameRange registry:https://registry.npmjs.org/big-fly not in flight; fetching
15 verbose request uri https://registry.npmjs.org/big-fly
16 verbose request no auth needed
17 info attempt registry request try #1 at 17:14:57
18 verbose request using bearer token for auth
19 verbose request id 76ee3d68b9fab56b
20 http request GET https://registry.npmjs.org/big-fly
21 http 404 https://registry.npmjs.org/big-fly
22 verbose headers { 'content-type': 'application/json',
22 verbose headers   'cache-control': 'max-age=0',
22 verbose headers   'content-length': '2',
22 verbose headers   'accept-ranges': 'bytes',
22 verbose headers   date: 'Thu, 05 Nov 2015 09:16:08 GMT',
22 verbose headers   via: '1.1 varnish',
22 verbose headers   connection: 'keep-alive',
22 verbose headers   'x-served-by': 'cache-itm7420-ITM',
22 verbose headers   'x-cache': 'MISS',
22 verbose headers   'x-cache-hits': '0',
22 verbose headers   'x-timer': 'S1446714967.973491,VS0,VE756' }
23 silly get cb [ 404,
23 silly get   { 'content-type': 'application/json',
23 silly get     'cache-control': 'max-age=0',
23 silly get     'content-length': '2',
23 silly get     'accept-ranges': 'bytes',
23 silly get     date: 'Thu, 05 Nov 2015 09:16:08 GMT',
23 silly get     via: '1.1 varnish',
23 silly get     connection: 'keep-alive',
23 silly get     'x-served-by': 'cache-itm7420-ITM',
23 silly get     'x-cache': 'MISS',
23 silly get     'x-cache-hits': '0',
23 silly get     'x-timer': 'S1446714967.973491,VS0,VE756' } ]
24 verbose stack Error: Registry returned 404 for GET on https://registry.npmjs.org/big-fly
24 verbose stack     at makeError (F:\service\node\node_modules\npm\node_modules\npm-registry-client\lib\request.js:263:12)
24 verbose stack     at CachingRegistryClient.<anonymous> (F:\service\node\node_modules\npm\node_modules\npm-registry-client\lib\request.js:241:14)
24 verbose stack     at Request._callback (F:\service\node\node_modules\npm\node_modules\npm-registry-client\lib\request.js:171:14)
24 verbose stack     at Request.self.callback (F:\service\node\node_modules\npm\node_modules\request\request.js:198:22)
24 verbose stack     at emitTwo (events.js:87:13)
24 verbose stack     at Request.emit (events.js:172:7)
24 verbose stack     at Request.<anonymous> (F:\service\node\node_modules\npm\node_modules\request\request.js:1073:14)
24 verbose stack     at emitOne (events.js:82:20)
24 verbose stack     at Request.emit (events.js:169:7)
24 verbose stack     at IncomingMessage.<anonymous> (F:\service\node\node_modules\npm\node_modules\request\request.js:1019:12)
25 verbose statusCode 404
26 verbose pkgid big-fly
27 verbose cwd F:\myblog\myblog
28 error Windows_NT 10.0.10240
29 error argv "F:\\service\\node\\node.exe" "F:\\service\\node\\node_modules\\npm\\bin\\npm-cli.js" "pack" "big-fly"
30 error node v4.1.1
31 error npm  v2.14.4
32 error code E404
33 error 404 Registry returned 404 for GET on https://registry.npmjs.org/big-fly
33 error 404
33 error 404 'big-fly' is not in the npm registry.
33 error 404 You should bug the author to publish it (or use the name yourself!)
33 error 404
33 error 404 Note that you can also install from a
33 error 404 tarball, folder, http url, or git url.
34 verbose exit [ 1, true ]
